<?xml version="1.0" encoding="UTF-8"?>
<testsuite name="com.muh.arifandi.dicoding.features.bookmark.BookmarkViewModelTest" tests="3" skipped="0" failures="0" errors="0" timestamp="2026-05-11T06:11:50" hostname="Zaydans-MacBook-Pro.local" time="0.963">
  <properties/>
  <testcase name="when DeleteFavorite intent is processed, should call repository delete" classname="com.muh.arifandi.dicoding.features.bookmark.BookmarkViewModelTest" time="0.935"/>
  <testcase name="when ClickArticle intent is processed, should send NavigateToDetail effect" classname="com.muh.arifandi.dicoding.features.bookmark.BookmarkViewModelTest" time="0.017"/>
  <testcase name="when initialized, should load favorites automatically" classname="com.muh.arifandi.dicoding.features.bookmark.BookmarkViewModelTest" time="0.01"/>
  <system-out><![CDATA[]]></system-out>
  <system-err><![CDATA[WARNING: A Java agent has been loaded dynamically (/Users/zaydanmubaraq/.gradle/caches/8.10.2/transforms/e15061fb2f849768cc91988885ca5cac/transformed/jetified-byte-buddy-agent-1.14.17.jar)
WARNING: If a serviceability tool is in use, please run with -XX:+EnableDynamicAgentLoading to hide this warning
WARNING: If a serviceability tool is not in use, please run with -Djdk.instrument.traceUsage for more information
WARNING: Dynamic loading of agents will be disallowed by default in a future release
]]></system-err>
</testsuite>
